<?xml version="1.0" encoding="UTF-8"?>
<testsuite xmlns:xsi="http://www.w3.org/2001/XMLSchema-instance" xsi:noNamespaceSchemaLocation="https://maven.apache.org/surefire/maven-surefire-plugin/xsd/surefire-test-report.xsd" name="GameStateTest" time="0.114" tests="58" errors="0" skipped="0" failures="0">
  <properties>
[...]
</properties>
  <testcase name="testInitialStateEmptyPlayerNumbers" classname="GameStateTest" time="0.026"/>
  <testcase name="testZeroMatchesNonPayingScenarios" classname="GameStateTest" time="0.002"/>
  <testcase name="testSpot10FiveMatches" classname="GameStateTest" time="0.001"/>
  <testcase name="testGetMatchesPartial" classname="GameStateTest" time="0"/>
  <testcase name="testSpot10NineMatches" classname="GameStateTest" time="0"/>
  <testcase name="testRunDrawingValidRange" classname="GameStateTest" time="0"/>
  <testcase name="testSpot10TenMatches" classname="GameStateTest" time="0"/>
  <testcase name="testRunDrawingUpdatesCurrentDrawnNumbers" classname="GameStateTest" time="0"/>
  <testcase name="testInitialStateZeroPlayerSpots" classname="GameStateTest" time="0"/>
  <testcase name="testStartNewDrawingSession" classname="GameStateTest" time="0"/>
  <testcase name="testSetGetPlayerNumbers" classname="GameStateTest" time="0"/>
  <testcase name="testGetMatchesEmptyDrawnNumbers" classname="GameStateTest" time="0.01"/>
  <testcase name="testMultipleDrawingsDifferent" classname="GameStateTest" time="0.002"/>
  <testcase name="testSpot4OneMatch" classname="GameStateTest" time="0"/>
  <testcase name="testGetMatchesAll" classname="GameStateTest" time="0"/>
  <testcase name="testHasMoreDrawingsAfterFirst" classname="GameStateTest" time="0"/>
  <testcase name="testGetMatchesEmptyPlayerNumbers" classname="GameStateTest" time="0"/>
  <testcase name="testRunDrawingProducesUniqueNumbers" classname="GameStateTest" time="0"/>
  <testcase name="testResetForNewGame" classname="GameStateTest" time="0"/>
  <testcase name="testSpot8SixMatches" classname="GameStateTest" time="0"/>
  <testcase name="testSpot8FiveMatches" classname="GameStateTest" time="0"/>
  <testcase name="testSpot10EightMatches" classname="GameStateTest" time="0"/>
  <testcase name="testSpot4TwoMatches" classname="GameStateTest" time="0"/>
  <testcase name="testSpot4ThreeMatches" classname="GameStateTest" time="0"/>
  <testcase name="testInitialCurrentDrawingWinnings" classname="GameStateTest" time="0"/>
  <testcase name="testAddToTotalWinnings" classname="GameStateTest" time="0"/>
  <testcase name="testSpot1OneMatch" classname="GameStateTest" time="0"/>
  <testcase name="testGetMatchesZero" classname="GameStateTest" time="0"/>
  <testcase name="testInitialStateZeroWinnings" classname="GameStateTest" time="0"/>
  <testcase name="testSpot10SixMatches" classname="GameStateTest" time="0.002"/>
  <testcase name="testSetGetCurrentDrawingNumber" classname="GameStateTest" time="0"/>
  <testcase name="testTotalWinningsAccumulation" classname="GameStateTest" time="0"/>
  <testcase name="testCurrentDrawingWinningsUpdated" classname="GameStateTest" time="0"/>
  <testcase name="testSetGetPlayerSpots" classname="GameStateTest" time="0.003"/>
  <testcase name="testSpot10ZeroMatches" classname="GameStateTest" time="0"/>
  <testcase name="testSetGetCurrentDrawingWinnings" classname="GameStateTest" time="0"/>
  <testcase name="testSpot8EightMatches" classname="GameStateTest" time="0"/>
  <testcase name="testInitialStateZeroTotalDrawings" classname="GameStateTest" time="0"/>
  <testcase name="testSpot4FourMatches" classname="GameStateTest" time="0.015"/>
  <testcase name="testSpot10SevenMatches" classname="GameStateTest" time="0"/>
  <testcase name="testInitialStateZeroDrawingNumber" classname="GameStateTest" time="0"/>
  <testcase name="testHasMoreDrawingsTrue" classname="GameStateTest" time="0"/>
  <testcase name="testHasMoreDrawingsZero" classname="GameStateTest" time="0"/>
  <testcase name="testCompleteGameFlow" classname="GameStateTest" time="0"/>
  <testcase name="testSpot1ZeroMatches" classname="GameStateTest" time="0"/>
  <testcase name="testRunDrawingClearsPreviousNumbers" classname="GameStateTest" time="0"/>
  <testcase name="testSpot8FourMatches" classname="GameStateTest" time="0"/>
  <testcase name="testSpot4ZeroMatches" classname="GameStateTest" time="0"/>
  <testcase name="testRunDrawingProduces20Numbers" classname="GameStateTest" time="0"/>
  <testcase name="testSetGetTotalWinnings" classname="GameStateTest" time="0"/>
  <testcase name="testRunDrawingIncrementsDrawingNumber" classname="GameStateTest" time="0"/>
  <testcase name="testSpot8SevenMatches" classname="GameStateTest" time="0"/>
  <testcase name="testHasMoreDrawingsFalse" classname="GameStateTest" time="0"/>
  <testcase name="testSetGetTotalDrawings" classname="GameStateTest" time="0"/>
  <testcase name="testSetGetCurrentDrawnNumbers" classname="GameStateTest" time="0"/>
  <testcase name="testInitialStateEmptyDrawnNumbers" classname="GameStateTest" time="0"/>
  <testcase name="testSpot8ZeroMatches" classname="GameStateTest" time="0"/>
  <testcase name="testInvalidSpotCountReturnsZero" classname="GameStateTest" time="0"/>
</testsuite>